<?xml version="1.0" encoding="UTF-8"?>
<!-- Generated by org.testng.reporters.JUnitXMLReporter -->
<testsuite hostname="Srujan-PC" name="Test" tests="3" failures="0" timestamp="17 Jul 2018 04:58:39 GMT" time="130.601" errors="0">
  <testcase name="craigListApplApitest" time="90.875" classname="com.craigsappl.api.test.CraigsApplAPITest"/>
  <testcase name="loginToAppl" time="15.278" classname="com.craigsappl.ui.test.CraigsApplUITest"/>
  <testcase name="verifyAndDeleteUpdatedVehicleVal" time="11.311" classname="com.craigsappl.ui.test.CraigsApplUITest"/>
</testsuite> <!-- Test -->
