<?xml version="1.0" encoding="UTF-8"?>
<testng-results skipped="0" failed="1" ignored="0" total="2" passed="1">
  <reporter-output>
  </reporter-output>
  <suite name="Default suite" duration-ms="32105" started-at="2018-10-15T09:30:07Z" finished-at="2018-10-15T09:30:39Z">
    <groups>
    </groups>
    <test name="Default test" duration-ms="32105" started-at="2018-10-15T09:30:07Z" finished-at="2018-10-15T09:30:39Z">
      <class name="com.craigsappl.ui.test.CraigsApplUITest">
        <test-method status="PASS" signature="setup()[pri:0, instance:com.craigsappl.ui.test.CraigsApplUITest@612679d6]" name="setup" is-config="true" duration-ms="8561" started-at="2018-10-15T09:30:07Z" finished-at="2018-10-15T09:30:15Z">
          <reporter-output>
          </reporter-output>
        </test-method> <!-- setup -->
        <test-method status="FAIL" signature="loginToAppl()[pri:1, instance:com.craigsappl.ui.test.CraigsApplUITest@612679d6]" name="loginToAppl" duration-ms="10827" started-at="2018-10-15T09:30:15Z" finished-at="2018-10-15T09:30:26Z">
          <exception class="java.lang.AssertionError">
            <message>
              <![CDATA[expected [true] but found [false]]]>
            </message>
            <full-stacktrace>
              <![CDATA[java.lang.AssertionError: expected [true] but found [false]
at org.testng.Assert.fail(Assert.java:96)
at org.testng.Assert.failNotEquals(Assert.java:776)
at org.testng.Assert.assertTrue(Assert.java:44)
at org.testng.Assert.assertTrue(Assert.java:54)
at com.craigsappl.ui.test.CraigsApplUITest.loginToAppl(CraigsApplUITest.java:75)
at sun.reflect.NativeMethodAccessorImpl.invoke0(Native Method)
at sun.reflect.NativeMethodAccessorImpl.invoke(Unknown Source)
at sun.reflect.DelegatingMethodAccessorImpl.invoke(Unknown Source)
at java.lang.reflect.Method.invoke(Unknown Source)
at org.testng.internal.MethodInvocationHelper.invokeMethod(MethodInvocationHelper.java:124)
at org.testng.internal.Invoker.invokeMethod(Invoker.java:580)
at org.testng.internal.Invoker.invokeTestMethod(Invoker.java:716)
at org.testng.internal.Invoker.invokeTestMethods(Invoker.java:988)
at org.testng.internal.TestMethodWorker.invokeTestMethods(TestMethodWorker.java:125)
at org.testng.internal.TestMethodWorker.run(TestMethodWorker.java:109)
at org.testng.TestRunner.privateRun(TestRunner.java:648)
at org.testng.TestRunner.run(TestRunner.java:505)
at org.testng.SuiteRunner.runTest(SuiteRunner.java:455)
at org.testng.SuiteRunner.runSequentially(SuiteRunner.java:450)
at org.testng.SuiteRunner.privateRun(SuiteRunner.java:415)
at org.testng.SuiteRunner.run(SuiteRunner.java:364)
at org.testng.SuiteRunnerWorker.runSuite(SuiteRunnerWorker.java:52)
at org.testng.SuiteRunnerWorker.run(SuiteRunnerWorker.java:84)
at org.testng.TestNG.runSuitesSequentially(TestNG.java:1208)
at org.testng.TestNG.runSuitesLocally(TestNG.java:1137)
at org.testng.TestNG.runSuites(TestNG.java:1049)
at org.testng.TestNG.run(TestNG.java:1017)
at org.testng.remote.AbstractRemoteTestNG.run(AbstractRemoteTestNG.java:114)
at org.testng.remote.RemoteTestNG.initAndRun(RemoteTestNG.java:251)
at org.testng.remote.RemoteTestNG.main(RemoteTestNG.java:77)
]]>
            </full-stacktrace>
          </exception> <!-- java.lang.AssertionError -->
          <reporter-output>
          </reporter-output>
        </test-method> <!-- loginToAppl -->
        <test-method status="PASS" signature="verifyAndDeleteUpdatedVehicleVal()[pri:2, instance:com.craigsappl.ui.test.CraigsApplUITest@612679d6]" name="verifyAndDeleteUpdatedVehicleVal" duration-ms="10326" started-at="2018-10-15T09:30:26Z" finished-at="2018-10-15T09:30:36Z">
          <reporter-output>
          </reporter-output>
        </test-method> <!-- verifyAndDeleteUpdatedVehicleVal -->
        <test-method status="PASS" signature="close()[pri:0, instance:com.craigsappl.ui.test.CraigsApplUITest@612679d6]" name="close" is-config="true" duration-ms="2372" started-at="2018-10-15T09:30:36Z" finished-at="2018-10-15T09:30:39Z">
          <reporter-output>
          </reporter-output>
        </test-method> <!-- close -->
      </class> <!-- com.craigsappl.ui.test.CraigsApplUITest -->
    </test> <!-- Default test -->
  </suite> <!-- Default suite -->
</testng-results>
